<?xml version="1.0" encoding="UTF-8"?>
<!-- Generated by org.testng.reporters.JUnitXMLReporter -->
<testsuite hostname="Rafael-Predator" ignored="0" name="Command line test" tests="2" failures="0" timestamp="2021-02-10T03:44:25 BRT" time="23.581" errors="0">
  <testcase name="authenticationPage" time="3.008" classname="seleniumautomation.com.stepDefinitions.CreateAccountFormTest"/>
  <testcase name="createAccountSuccessfully" time="5.918" classname="seleniumautomation.com.stepDefinitions.CreateAccountFormTest"/>
</testsuite> <!-- Command line test -->
