<?xml version="1.0" encoding="UTF-8"?>
<!-- Generated by org.testng.reporters.JUnitXMLReporter -->
<testsuite hostname="Rafael-Predator" ignored="0" name="Surefire test" tests="2" failures="0" timestamp="2021-02-10T03:38:11 BRT" time="25.626" errors="0">
  <testcase name="authenticationPage" time="2.199" classname="seleniumautomation.com.stepDefinitions.CreateAccountFormTest"/>
  <testcase name="createAccountSuccessfully" time="5.958" classname="seleniumautomation.com.stepDefinitions.CreateAccountFormTest"/>
</testsuite> <!-- Surefire test -->
