<?xml version="1.0" encoding="UTF-8"?>
<!-- Generated by org.testng.reporters.JUnitXMLReporter -->
<testsuite ignored="0" hostname="Rafael-Predator" failures="0" tests="2" name="Default test" time="27.173" errors="0" timestamp="2021-02-10T03:49:05 BRT">
  <testcase classname="seleniumautomation.com.stepDefinitions.CreateAccountFormTest" name="authenticationPage" time="3.058"/>
  <testcase classname="seleniumautomation.com.stepDefinitions.CreateAccountFormTest" name="createAccountSuccessfully" time="7.643"/>
</testsuite> <!-- Default test -->
