<?xml version="1.0" encoding="UTF-8"?>
<testng-results skipped="0" failed="0" ignored="0" total="2" passed="2">
  <reporter-output>
  </reporter-output>
  <suite name="Surefire suite" duration-ms="25626" started-at="2021-02-10T03:37:45 BRT" finished-at="2021-02-10T03:38:11 BRT">
    <groups>
    </groups>
    <test name="Surefire test" duration-ms="25626" started-at="2021-02-10T03:37:45 BRT" finished-at="2021-02-10T03:38:11 BRT">
      <class name="seleniumautomation.com.stepDefinitions.CreateAccountFormTest">
        <test-method status="PASS" signature="setup()[pri:0, instance:seleniumautomation.com.stepDefinitions.CreateAccountFormTest@3e9b1010]" name="setup" is-config="true" duration-ms="13620" started-at="2021-02-10T03:37:45 BRT" finished-at="2021-02-10T03:37:59 BRT">
          <reporter-output>
          </reporter-output>
        </test-method> <!-- setup -->
        <test-method status="PASS" signature="authenticationPage()[pri:1, instance:seleniumautomation.com.stepDefinitions.CreateAccountFormTest@3e9b1010]" name="authenticationPage" duration-ms="2199" started-at="2021-02-10T03:37:59 BRT" finished-at="2021-02-10T03:38:01 BRT">
          <reporter-output>
          </reporter-output>
        </test-method> <!-- authenticationPage -->
        <test-method status="PASS" signature="createAccountSuccessfully()[pri:2, instance:seleniumautomation.com.stepDefinitions.CreateAccountFormTest@3e9b1010]" name="createAccountSuccessfully" duration-ms="5958" started-at="2021-02-10T03:38:01 BRT" finished-at="2021-02-10T03:38:07 BRT">
          <reporter-output>
          </reporter-output>
        </test-method> <!-- createAccountSuccessfully -->
        <test-method status="PASS" signature="closeAll()[pri:0, instance:seleniumautomation.com.stepDefinitions.CreateAccountFormTest@3e9b1010]" name="closeAll" is-config="true" duration-ms="3812" started-at="2021-02-10T03:38:07 BRT" finished-at="2021-02-10T03:38:11 BRT">
          <reporter-output>
          </reporter-output>
        </test-method> <!-- closeAll -->
      </class> <!-- seleniumautomation.com.stepDefinitions.CreateAccountFormTest -->
    </test> <!-- Surefire test -->
  </suite> <!-- Surefire suite -->
</testng-results>
