<?xml version="1.0" encoding="UTF-8"?>
<testng-results skipped="0" failed="0" ignored="0" total="0" passed="0">
  <reporter-output>
  </reporter-output>
  <suite name="Surefire suite" duration-ms="26637" started-at="2021-02-10T03:45:29 BRT" finished-at="2021-02-10T03:45:55 BRT">
    <groups>
    </groups>
    <test name="Surefire test" duration-ms="26637" started-at="2021-02-10T03:45:29 BRT" finished-at="2021-02-10T03:45:55 BRT">
    </test> <!-- Surefire test -->
  </suite> <!-- Surefire suite -->
</testng-results>
